SonarQube plugins:
  - Python Code Quality and Security 3.15.1.9817 (python)
  - Go Code Quality and Security 1.10.0.3710 (go)
  - JaCoCo 1.1.1.1157 (jacoco)
  - Kotlin Code Quality and Security 2.10.0.1456 (kotlin)
  - IaC Code Quality and Security 1.9.2.2279 (iac)
  - JavaScript/TypeScript/CSS Code Quality and Security 9.6.0.18814 (javascript)
  - Ruby Code Quality and Security 1.10.0.3710 (ruby)
  - Scala Code Quality and Security 1.10.0.3710 (sonarscala)
  - C# Code Quality and Security 8.43.0.51858 (csharp)
  - Java Code Quality and Security 7.13.0.29990 (java)
  - HTML Code Quality and Security 3.6.0.3106 (web)
  - Flex Code Quality and Security 2.7.0.2865 (flex)
  - XML Code Quality and Security 2.5.0.3376 (xml)
  - PHP Code Quality and Security 3.24.0.8949 (php)
  - Text file Code Quality and Security 1.1.0.282 (text)
  - VB.NET Code Quality and Security 8.43.0.51858 (vbnet)
  - Configuration detection fot Code Quality and Security 1.2.0.267 (config)
Global server settings:
  - sonar.core.id=147B411E-AYgvKvpiInRZjNoaNttE
  - sonar.core.startTime=2023-05-23T00:57:25+0000
  - sonar.forceAuthentication=true
Project server settings:
Project scanner properties:
  - sonar.binaries=/home/ec2-user/project3/target/classes
  - sonar.groovy.binaries=/home/ec2-user/project3/target/classes
  - sonar.host.url=http://3.83.162.199:9000
  - sonar.java.binaries=src/
  - sonar.java.jdkHome=/usr/lib/jvm/jre-11-openjdk
  - sonar.java.libraries=/root/.m2/repository/javax/servlet/javax.servlet-api/3.0.1/javax.servlet-api-3.0.1.jar
  - sonar.java.source=1.8
  - sonar.java.target=1.8
  - sonar.java.test.libraries=/home/ec2-user/project3/target/classes,/root/.m2/repository/javax/servlet/javax.servlet-api/3.0.1/javax.servlet-api-3.0.1.jar
  - sonar.libraries=/root/.m2/repository/javax/servlet/javax.servlet-api/3.0.1/javax.servlet-api-3.0.1.jar
  - sonar.links.ci=
  - sonar.links.homepage=
  - sonar.links.issue=
  - sonar.links.scm=
  - sonar.links.scm_dev=
  - sonar.login=******
  - sonar.moduleKey=com.jdevs:studentapp
  - sonar.password=******
  - sonar.projectBaseDir=/home/ec2-user/project3
  - sonar.projectBuildDir=/home/ec2-user/project3/target
  - sonar.projectKey=com.jdevs:studentapp
  - sonar.projectName=studentapp
  - sonar.projectVersion=2.5-SNAPSHOT
  - sonar.scanner.app=ScannerMaven
  - sonar.scanner.appVersion=3.9.1.2184/3.6.3
  - sonar.sourceEncoding=UTF-8
  - sonar.sources=/home/ec2-user/project3/WebContent,/home/ec2-user/project3/pom.xml,/home/ec2-user/project3/src
  - sonar.working.directory=/home/ec2-user/project3/target/sonar
